[2022-11-14T00:15:46.118041+00:00] app_logs.INFO: agente1@bng.com - login com sucesso [] []
[2022-11-14T00:22:01.079492+00:00] app_logs.INFO: agente1@bng.com - fez logout [] []
[2022-11-14T00:22:39.168546+00:00] app_logs.INFO: admin@bng.com - login com sucesso [] []
[2022-11-14T00:35:39.565622+00:00] app_logs.INFO: admin@bng.com - fez logout [] []
[2022-11-14T00:35:49.300586+00:00] app_logs.INFO: agente1@bng.com - login com sucesso [] []
[2022-11-14T00:53:54.052532+00:00] app_logs.INFO: agente1@bng.com - fez logout [] []
[2022-11-14T21:50:56.808998+00:00] app_logs.INFO: agente1@bng.com - login com sucesso [] []
[2022-11-19T23:16:52.168180+00:00] app_logs.INFO: admin@bng.com - login com sucesso [] []
[2022-11-19T23:17:05.712795+00:00] app_logs.INFO: admin@bng.com - fez logout [] []
[2022-11-19T23:17:12.968720+00:00] app_logs.INFO: agente1@bng.com - login com sucesso [] []
[2022-11-19T23:57:51.292791+00:00] app_logs.INFO: agente1@bng.com - fez logout [] []
[2022-11-19T23:58:07.572245+00:00] app_logs.INFO: agente2@bng.com - login com sucesso [] []
[2022-11-19T23:58:16.802377+00:00] app_logs.INFO: agente2@bng.com - fez logout [] []
[2022-11-20T00:03:18.658192+00:00] app_logs.INFO: agente1@bng.com - login com sucesso [] []
[2022-11-20T00:14:35.573462+00:00] app_logs.INFO: agente1@bng.com - fez logout [] []
[2022-11-20T00:14:51.277495+00:00] app_logs.INFO: agente1@bng.com - login com sucesso [] []
[2022-11-20T00:20:47.449510+00:00] app_logs.INFO: adicionou novo cliente: teste@teste.com [] []
[2022-11-20T00:22:15.455005+00:00] app_logs.INFO: agente1@bng.com - adicionou novo cliente: teste@teste.com [] []
[2022-11-20T15:12:27.804519+00:00] app_logs.INFO: agente1@bng.com - login com sucesso [] []
[2022-11-20T16:02:49.027751+00:00] app_logs.INFO: agente1@bng.com - atualizou dados do cliente ID: 2 [] []
[2022-11-20T16:03:08.697455+00:00] app_logs.INFO: agente1@bng.com - atualizou dados do cliente ID: 2 [] []
[2022-11-20T16:03:24.073034+00:00] app_logs.INFO: agente1@bng.com - atualizou dados do cliente ID: 2 [] []
[2022-11-20T16:05:44.753594+00:00] app_logs.INFO: agente1@bng.com - atualizou dados do cliente ID: 1 [] []
[2022-11-20T16:17:17.351970+00:00] app_logs.INFO: agente1@bng.com - fez logout [] []
[2022-11-20T16:20:17.933221+00:00] app_logs.INFO: admin@bng.com - login com sucesso [] []
[2022-11-20T16:20:34.264297+00:00] app_logs.INFO: admin@bng.com - fez logout [] []
[2022-11-20T16:20:47.895627+00:00] app_logs.INFO: agente1@bng.com - login com sucesso [] []
[2022-11-20T23:55:34.809838+00:00] app_logs.ERROR: atente1@bng.com - login inválido [] []
[2022-11-20T23:55:47.605301+00:00] app_logs.INFO: agente1@bng.com - login com sucesso [] []
[2022-11-21T00:40:06.008037+00:00] app_logs.INFO: joaoribeiro - Eliminado o cliente id: 1 [] []
[2022-11-21T00:40:33.128145+00:00] app_logs.INFO: agente1@bng.com - adicionou novo cliente: teste@teste.com [] []
[2022-11-21T00:40:48.498226+00:00] app_logs.INFO: agente1@bng.com - atualizou dados do cliente ID: 2 [] []
[2022-11-21T00:44:03.620704+00:00] app_logs.INFO: joaoribeiro - Eliminado o cliente id: 2 [] []
[2022-11-21T22:44:52.211486+00:00] app_logs.INFO: agente1@bng.com - login com sucesso [] []
[2022-11-21T22:47:30.807663+00:00] app_logs.INFO: joaoribeiro - Eliminado o cliente id: 5 [] []
[2022-11-21T22:47:32.856718+00:00] app_logs.INFO: joaoribeiro - Eliminado o cliente id: 3 [] []
[2022-11-21T22:47:34.846833+00:00] app_logs.INFO: joaoribeiro - Eliminado o cliente id: 4 [] []
[2022-11-21T22:48:16.699128+00:00] app_logs.INFO: agente1@bng.com - adicionou novo cliente: teste@teste.pt [] []
[2022-11-21T23:12:17.180134+00:00] app_logs.INFO: joaoribeiro - Eliminado o cliente id: 4 [] []
[2022-11-21T23:12:17.655093+00:00] app_logs.INFO: joaoribeiro - Eliminado o cliente id: 3 [] []
[2022-11-21T23:12:18.179122+00:00] app_logs.INFO: joaoribeiro - Eliminado o cliente id: 5 [] []
[2022-11-22T20:47:01.794683+00:00] app_logs.INFO: agente1@bng.com - login com sucesso [] []
[2022-11-22T23:24:09.132539+00:00] app_logs.INFO: agente1@bng.com - login com sucesso [] []
[2022-11-23T23:25:03.335672+00:00] app_logs.INFO: agente1@bng.com - login com sucesso [] []
[2022-11-24T22:40:46.182657+00:00] app_logs.INFO: agente1@bng.com - login com sucesso [] []
[2022-11-24T22:47:51.229932+00:00] app_logs.INFO: agente1@bng.com - carregamento de ficheiro efetuado: dados_clientes_1.csv [] []
[2022-11-24T22:47:51.230951+00:00] app_logs.INFO: agente1@bng.com - report: {"total":4,"total_carregados":0,"total_nao_carregados":4} [] []
[2022-11-24T22:48:27.022960+00:00] app_logs.INFO: agente1@bng.com - carregamento de ficheiro efetuado: dados_clientes_1.csv [] []
[2022-11-24T22:48:27.023971+00:00] app_logs.INFO: agente1@bng.com - report: {"total":4,"total_carregados":2,"total_nao_carregados":2} [] []
[2022-11-24T22:48:56.264010+00:00] app_logs.ERROR: agente1@bng.com - tentou carregar um ficheiro com header incorrego: dados_clientes_1_header_invalido.csv [] []
[2022-11-24T22:57:58.604179+00:00] app_logs.INFO: agente1@bng.com - carregamento de ficheiro efetuado: dados_clientes_1.csv [] []
[2022-11-24T22:57:58.605206+00:00] app_logs.INFO: agente1@bng.com - report: {"total":4,"total_carregados":0,"total_nao_carregados":4} [] []
[2022-11-24T22:58:28.575340+00:00] app_logs.INFO: agente1@bng.com - carregamento de ficheiro efetuado: dados_clientes_1.csv [] []
[2022-11-24T22:58:28.576335+00:00] app_logs.INFO: agente1@bng.com - report: {"total":4,"total_carregados":0,"total_nao_carregados":4} [] []
[2022-11-24T22:58:42.699471+00:00] app_logs.INFO: agente1@bng.com - carregamento de ficheiro efetuado: dados_clientes_1.xlsx [] []
[2022-11-24T22:58:42.700349+00:00] app_logs.INFO: agente1@bng.com - report: {"total":4,"total_carregados":0,"total_nao_carregados":4} [] []
[2022-11-24T23:33:15.548174+00:00] app_logs.INFO: agente1@bng.com - fez download da lista de clientes para o ficheiro: output_1669332795.xlsx [] []
[2022-11-24T23:33:28.433292+00:00] app_logs.INFO: agente1@bng.com - fez download da lista de clientes para o ficheiro: output_1669332808.xlsx [] []
[2022-11-24T23:34:40.555502+00:00] app_logs.INFO: agente1@bng.com - fez download da lista de clientes para o ficheiro: output_1669332880.xlsx | total: 7 registos. [] []
[2022-11-26T00:26:24.204231+00:00] app_logs.INFO: agente1@bng.com - login com sucesso [] []
[2022-11-26T00:50:24.398201+00:00] app_logs.INFO: agente1@bng.com - fez logout [] []
[2022-11-26T00:51:02.797251+00:00] app_logs.ERROR: agente1@bng.com - login inválido [] []
[2022-11-26T00:51:13.933426+00:00] app_logs.INFO: agente1@bng.com - login com sucesso [] []
[2022-11-26T00:52:29.639275+00:00] app_logs.INFO: agente1@bng.com - password alterada com sucesso no perfil de utilizador. [] []
[2022-11-26T18:03:47.182775+00:00] app_logs.INFO: admin@bng.com - login com sucesso [] []
[2022-11-26T18:19:19.062554+00:00] app_logs.INFO: admin@bng.com - login com sucesso [] []
[2022-11-26T18:23:49.876905+00:00] app_logs.INFO: admin@bng.com - fez logout [] []
[2022-11-26T18:23:58.467687+00:00] app_logs.INFO: admin@bng.com - login com sucesso [] []
[2022-11-26T19:21:49.955157+00:00] app_logs.INFO: admin@bng.com - fez download da lista de clientes para o ficheiro: output_1669490509.xlsx | total: 0 registos. [] []
[2022-11-26T19:22:03.846085+00:00] app_logs.INFO: admin@bng.com - fez download da lista de clientes para o ficheiro: output_1669490523.xlsx | total: 0 registos. [] []
[2022-11-26T19:23:23.809166+00:00] app_logs.INFO: admin@bng.com - fez download da lista de clientes para o ficheiro: output_1669490603.xlsx | total: 4 registos. [] []
[2022-11-26T19:23:53.836469+00:00] app_logs.INFO: admin@bng.com - fez download da lista de clientes para o ficheiro: output_1669490633.xlsx | total: 4 registos. [] []
[2022-11-26T23:25:53.615292+00:00] app_logs.INFO: admin@bng.com - fez logout [] []
[2022-11-27T15:36:44.524488+00:00] app_logs.INFO: admin@bng.com - login com sucesso [] []
[2022-11-29T01:07:52.340266+00:00] app_logs.ERROR: admin@bng.com - login inválido [] []
[2022-11-29T01:08:03.764519+00:00] app_logs.ERROR: admin@bng.com - login inválido [] []
[2022-11-29T01:10:42.498145+00:00] app_logs.INFO: admin@bng.com - login com sucesso [] []
[2022-11-29T20:50:09.656678+00:00] app_logs.INFO: admin@bng.com - login com sucesso [] []
[2022-12-01T19:56:26.784929+00:00] app_logs.INFO: admin@bng.com - login com sucesso [] []
[2022-12-02T12:32:22.310364+00:00] app_logs.INFO: admin@bng.com - login com sucesso [] []
[2022-12-02T12:56:48.674024+00:00] app_logs.INFO: admin@bng.com - login com sucesso [] []
[2022-12-02T14:54:47.394305+00:00] app_logs.INFO: admin@bng.com - visualizou o PDF com o report estatístico. [] []
[2022-12-02T14:56:54.500442+00:00] app_logs.INFO: admin@bng.com - visualizou o PDF com o report estatístico. [] []
[2022-12-02T16:27:58.102440+00:00] app_logs.INFO: admin@bng.com - fez logout [] []
[2022-12-02T16:28:07.267684+00:00] app_logs.ERROR: agente1@bng.com - login inválido [] []
[2022-12-02T16:28:20.697773+00:00] app_logs.ERROR: agente1@bng.com - login inválido [] []
[2022-12-02T16:28:38.969057+00:00] app_logs.INFO: agent1@bng.com - login com sucesso [] []
[2022-12-02T16:28:41.705409+00:00] app_logs.INFO: agent1@bng.com - fez logout [] []
[2022-12-02T16:28:50.791304+00:00] app_logs.INFO: admin@bng.com - login com sucesso [] []
[2022-12-02T17:58:53.537613+00:00] app_logs.INFO: admin@bng.com - fez logout [] []
[2022-12-02T18:10:04.845497+00:00] app_logs.INFO: admin@bng.com - login com sucesso [] []
[2022-12-02T21:32:37.041117+00:00] app_logs.INFO: admin@bng.com - login com sucesso [] []
[2022-12-02T22:04:29.501473+00:00] app_logs.INFO: admin@bng.com - enviado com sucesso email para conclusão do registo: carlos@bng.com [] []
[2022-12-02T22:39:07.530700+00:00] app_logs.INFO: admin@bng.com - enviado com sucesso email para conclusão do registo: novo@bng.com [] []
[2022-12-02T22:39:27.324169+00:00] app_logs.INFO: admin@bng.com - fez logout [] []
[2022-12-03T10:38:47.547890+00:00] app_logs.INFO: admin@bng.com - login com sucesso [] []
[2022-12-03T10:39:34.066273+00:00] app_logs.INFO: admin@bng.com - enviado com sucesso email para conclusão do registo: novo1@bng.com [] []
[2022-12-03T10:39:44.237067+00:00] app_logs.INFO: admin@bng.com - fez logout [] []
[2022-12-03T11:34:36.877851+00:00] app_logs.INFO: Foi definida com sucesso a password para o agente ID = 20 (purl: HiGCAEjfabFbGiJdCehH) [] []
[2022-12-03T11:40:53.783507+00:00] app_logs.INFO: Foi definida com sucesso a password para o agente ID = 20 (purl: HiGCAEjfabFbGiJdCehH) [] []
[2022-12-03T11:42:09.977584+00:00] app_logs.INFO: Foi definida com sucesso a password para o agente ID = 19 (purl: CjEcbBecAhIFEKdHkGAi) [] []
[2022-12-03T11:44:35.580802+00:00] app_logs.INFO: admin@bng.com - login com sucesso [] []
[2022-12-03T13:01:13.782212+00:00] app_logs.INFO: admin@bng.com - fez download da lista de clientes para o ficheiro: output_1670072473.xlsx | total: 189 registos. [] []
[2022-12-03T14:42:14.023038+00:00] app_logs.INFO: admin@bng.com - editado com sucesso os dados do agente ID: 2 - agent1@bng.com [] []
[2022-12-03T14:42:50.224693+00:00] app_logs.INFO: admin@bng.com - editado com sucesso os dados do agente ID: 2 - agent1@bng.com [] []
[2022-12-03T14:43:12.064633+00:00] app_logs.INFO: admin@bng.com - editado com sucesso os dados do agente ID: 2 - agent1alterado@bng.com [] []
[2022-12-03T14:43:20.368190+00:00] app_logs.INFO: admin@bng.com - editado com sucesso os dados do agente ID: 2 - agent1@bng.com [] []
[2022-12-03T14:43:39.151516+00:00] app_logs.INFO: admin@bng.com - editado com sucesso os dados do agente ID: 2 - agent1@bng.com [] []
[2022-12-03T14:57:39.849570+00:00] app_logs.INFO: admin@bng.com - editado com sucesso os dados do agente ID: 3 - agent2@bng.com [] []
[2022-12-03T15:48:02.224478+00:00] app_logs.INFO: admin@bng.com - eliminado com sucesso o agente ID: 4 [] []
[2022-12-03T15:48:04.943632+00:00] app_logs.INFO: admin@bng.com - eliminado com sucesso o agente ID: 5 [] []
[2022-12-03T15:50:17.912900+00:00] app_logs.INFO: admin@bng.com - eliminado com sucesso o agente ID: 5 [] []
[2022-12-03T15:53:10.056185+00:00] app_logs.INFO: admin@bng.com - recuperado com sucesso o agente ID: 2 [] []
[2022-12-03T15:53:23.357525+00:00] app_logs.INFO: admin@bng.com - fez logout [] []
[2022-12-03T15:53:27.781225+00:00] app_logs.INFO: agent2@bng.com - login com sucesso [] []
[2022-12-03T15:55:10.804232+00:00] app_logs.INFO: agent2@bng.com - fez logout [] []
[2022-12-03T15:55:20.453937+00:00] app_logs.ERROR: agent2@bng.com - login inválido [] []
[2022-12-03T15:55:30.509412+00:00] app_logs.INFO: admin@bng.com - login com sucesso [] []
[2022-12-03T15:56:00.055869+00:00] app_logs.INFO: agent1@bng.com - login com sucesso [] []
[2022-12-03T15:56:02.834351+00:00] app_logs.INFO: agent1@bng.com - fez logout [] []
[2022-12-03T15:56:11.139458+00:00] app_logs.ERROR: agent2@bng.com - login inválido [] []
[2022-12-03T15:56:14.921305+00:00] app_logs.INFO: admin@bng.com - recuperado com sucesso o agente ID: 3 [] []
[2022-12-03T15:56:20.661518+00:00] app_logs.INFO: agent2@bng.com - login com sucesso [] []
[2022-12-03T15:56:37.134329+00:00] app_logs.INFO: agent2@bng.com - fez download da lista de clientes para o ficheiro: output_1670082997.xlsx | total: 30 registos. [] []
[2022-12-03T15:56:54.328634+00:00] app_logs.INFO: admin@bng.com - recuperado com sucesso o agente ID: 4 [] []
[2022-12-03T15:57:00.142504+00:00] app_logs.INFO: admin@bng.com - recuperado com sucesso o agente ID: 5 [] []
[2022-12-03T15:57:03.955258+00:00] app_logs.INFO: admin@bng.com - recuperado com sucesso o agente ID: 5 [] []
[2022-12-03T16:37:54.271532+00:00] app_logs.INFO: admin@bng.com - fez download da lista de agentes para o ficheiro: output_1670085474.xlsx | total: 11 registos. [] []
[2022-12-03T16:42:04.322048+00:00] app_logs.INFO: admin@bng.com - fez download da lista de agentes para o ficheiro: output_1670085724.xlsx | total: 11 registos. [] []
[2022-12-03T16:42:16.943807+00:00] app_logs.INFO: admin@bng.com - fez download da lista de agentes para o ficheiro: output_1670085736.xlsx | total: 11 registos. [] []
[2022-12-03T16:44:40.656953+00:00] app_logs.INFO: admin@bng.com - fez download da lista de agentes para o ficheiro: output_1670085880.xlsx | total: 11 registos. [] []
[2022-12-03T16:45:14.917389+00:00] app_logs.INFO: admin@bng.com - fez logout [] []
[2022-12-03T22:06:07.191669+00:00] app_logs.INFO: admin@bng.com - login com sucesso [] []
[2022-12-03T22:06:16.509228+00:00] app_logs.INFO: admin@bng.com - fez logout [] []
[2022-12-03T22:52:56.697782+00:00] app_logs.INFO: Email com código de recuperação de password enviado com sucesso. User: admin@bng.com | Code: 518866 [] []
[2022-12-03T23:48:10.213786+00:00] app_logs.INFO: Email com código de recuperação de password enviado com sucesso. User: admin@bng.com | Code: 272436 [] []
[2022-12-04T14:49:54.181183+00:00] app_logs.INFO: admin@bng.com - login com sucesso [] []
[2022-12-04T14:49:56.612695+00:00] app_logs.INFO: admin@bng.com - fez logout [] []
[2022-12-04T14:50:07.588042+00:00] app_logs.ERROR: Aconteceu um erro na criação do código de recuperação da password. User: admin@bng.pt [] []
[2022-12-04T14:50:20.475080+00:00] app_logs.INFO: Email com código de recuperação de password enviado com sucesso. User: admin@bng.com | Code: 851469 [] []
[2022-12-04T15:04:53.609659+00:00] app_logs.INFO: Email com código de recuperação de password enviado com sucesso. User: admin@bng.com | Code: 144428 [] []
[2022-12-04T15:08:29.661439+00:00] app_logs.INFO: Email com código de recuperação de password enviado com sucesso. User: admin@bng.com | Code: 219120 [] []
[2022-12-04T15:23:32.782857+00:00] app_logs.ERROR: Aconteceu um erro na criação do código de recuperação da password. User: agent2@bng.com [] []
[2022-12-04T15:23:39.311134+00:00] app_logs.INFO: Email com código de recuperação de password enviado com sucesso. User: admin@bng.com | Code: 555321 [] []
[2022-12-04T15:44:17.057743+00:00] app_logs.INFO: Foi inserido corretamente o código para reset da password. User ID: 1 | Code: 555321 [] []
[2022-12-04T15:45:00.345639+00:00] app_logs.INFO: Foi alterada com sucesso a password do user ID: 1 após pedido de reset da password. [] []
[2022-12-04T15:45:23.832599+00:00] app_logs.ERROR: admin@bng.com - login inválido [] []
[2022-12-04T15:45:36.775354+00:00] app_logs.INFO: admin@bng.com - login com sucesso [] []
[2022-12-04T15:45:50.161026+00:00] app_logs.INFO: admin@bng.com - password alterada com sucesso no perfil de utilizador. [] []
[2022-12-04T15:45:53.923320+00:00] app_logs.INFO: admin@bng.com - fez logout [] []
[2022-12-04T15:46:02.366019+00:00] app_logs.INFO: admin@bng.com - login com sucesso [] []
[2022-12-04T15:46:09.776329+00:00] app_logs.INFO: admin@bng.com - visualizou o PDF com o report estatístico. [] []
[2022-12-04T16:04:50.099818+00:00] app_logs.INFO: admin@bng.com - visualizou o PDF com o report estatístico. [] []
[2022-12-04T16:05:51.765141+00:00] app_logs.INFO: admin@bng.com - fez download da lista de agentes para o ficheiro: output_1670169951.xlsx | total: 2 registos. [] []
[2022-12-04T16:06:08.201716+00:00] app_logs.INFO: admin@bng.com - fez logout [] []
